<?xml version="1.0" encoding="UTF-8"?>
<testsuite xmlns:xsi="http://www.w3.org/2001/XMLSchema-instance" xsi:noNamespaceSchemaLocation="https://maven.apache.org/surefire/maven-surefire-plugin/xsd/surefire-test-report-3.0.xsd" version="3.0" name="com.mycompany.httpserver.WebServerTest" time="1.268" tests="18" errors="0" skipped="0" failures="0">
  <properties>
[...]
</properties>
  <testcase name="shouldLoadHelloRouteWithQueryParam" classname="com.mycompany.httpserver.WebServerTest" time="0.064">
    <system-out><![CDATA[Server started on port 8080
Servidor iniciado
PATH RECIBIDO: /api/hello
]]></system-out>
  </testcase>
  <testcase name="shouldLoadRestPost" classname="com.mycompany.httpserver.WebServerTest" time="0.007">
    <system-out><![CDATA[PATH RECIBIDO: /api/hellopost
]]></system-out>
  </testcase>
  <testcase name="shouldReturnCorrectValueFromPiRoute" classname="com.mycompany.httpserver.WebServerTest" time="0.008">
    <system-out><![CDATA[PATH RECIBIDO: /api/pi
]]></system-out>
  </testcase>
  <testcase name="shouldLoadPiRoute" classname="com.mycompany.httpserver.WebServerTest" time="0.005">
    <system-out><![CDATA[PATH RECIBIDO: /api/pi
]]></system-out>
  </testcase>
  <testcase name="shouldReturn404ForUnregisteredRoute" classname="com.mycompany.httpserver.WebServerTest" time="0.018">
    <system-out><![CDATA[PATH RECIBIDO: /unknown/route
]]></system-out>
  </testcase>
  <testcase name="shouldLoadStaticFileCss" classname="com.mycompany.httpserver.WebServerTest" time="0.005">
    <system-out><![CDATA[PATH RECIBIDO: /styles.css
]]></system-out>
  </testcase>
  <testcase name="notShouldLoadStaticFileCss" classname="com.mycompany.httpserver.WebServerTest" time="0.003">
    <system-out><![CDATA[PATH RECIBIDO: /nonexistent.css
]]></system-out>
  </testcase>
  <testcase name="shouldServeStaticFileFromCustomDirectory" classname="com.mycompany.httpserver.WebServerTest" time="0.006">
    <system-out><![CDATA[PATH RECIBIDO: /index.html
]]></system-out>
  </testcase>
  <testcase name="shouldReturnCorrectResponseFromHelloRoute" classname="com.mycompany.httpserver.WebServerTest" time="0.003">
    <system-out><![CDATA[PATH RECIBIDO: /api/hello
]]></system-out>
  </testcase>
  <testcase name="shouldLoadRestGet" classname="com.mycompany.httpserver.WebServerTest" time="0.002">
    <system-out><![CDATA[PATH RECIBIDO: /api/hello
]]></system-out>
  </testcase>
  <testcase name="notShouldLoadStaticFileJs" classname="com.mycompany.httpserver.WebServerTest" time="0.004">
    <system-out><![CDATA[PATH RECIBIDO: /nonexistent.js
]]></system-out>
  </testcase>
  <testcase name="notShouldLoadStaticImageJPG" classname="com.mycompany.httpserver.WebServerTest" time="0.002">
    <system-out><![CDATA[PATH RECIBIDO: /nonexistent.jpg
]]></system-out>
  </testcase>
  <testcase name="notShouldLoadStaticImagePNG" classname="com.mycompany.httpserver.WebServerTest" time="0.004">
    <system-out><![CDATA[PATH RECIBIDO: /nonexistent.png
]]></system-out>
  </testcase>
  <testcase name="notShouldLoadStaticFileHtml" classname="com.mycompany.httpserver.WebServerTest" time="0.003">
    <system-out><![CDATA[PATH RECIBIDO: /nonexistent.html
]]></system-out>
  </testcase>
  <testcase name="shouldLoadStaticFileJs" classname="com.mycompany.httpserver.WebServerTest" time="0.004">
    <system-out><![CDATA[PATH RECIBIDO: /script.js
]]></system-out>
  </testcase>
  <testcase name="shouldLoadStaticImageJPG" classname="com.mycompany.httpserver.WebServerTest" time="0.012">
    <system-out><![CDATA[PATH RECIBIDO: /koala.jpg
]]></system-out>
  </testcase>
  <testcase name="shouldLoadStaticImagePNG" classname="com.mycompany.httpserver.WebServerTest" time="0.005">
    <system-out><![CDATA[PATH RECIBIDO: /img.png
]]></system-out>
  </testcase>
  <testcase name="shouldLoadStaticFileHtml" classname="com.mycompany.httpserver.WebServerTest" time="0.004">
    <system-out><![CDATA[PATH RECIBIDO: /index.html
]]></system-out>
  </testcase>
</testsuite>