<?xml version="1.0" encoding="UTF-8"?>
<testsuite xmlns:xsi="http://www.w3.org/2001/XMLSchema-instance" xsi:noNamespaceSchemaLocation="https://maven.apache.org/surefire/maven-surefire-plugin/xsd/surefire-test-report-3.0.xsd" version="3.0" name="com.mycompany.httpserver.WebServerTest" time="1.182" tests="12" errors="0" skipped="0" failures="0">
  <properties>
[...]
</properties>
  <testcase name="shouldLoadRestPost" classname="com.mycompany.httpserver.WebServerTest" time="0.082">
    <system-out><![CDATA[Server started on port 35000
Servidor iniciado
]]></system-out>
  </testcase>
  <testcase name="shouldLoadStaticFileCss" classname="com.mycompany.httpserver.WebServerTest" time="0.008"/>
  <testcase name="notShouldLoadStaticFileCss" classname="com.mycompany.httpserver.WebServerTest" time="0.005"/>
  <testcase name="shouldLoadRestGet" classname="com.mycompany.httpserver.WebServerTest" time="0.003"/>
  <testcase name="notShouldLoadStaticFileJs" classname="com.mycompany.httpserver.WebServerTest" time="0.003"/>
  <testcase name="notShouldLoadStaticImageJPG" classname="com.mycompany.httpserver.WebServerTest" time="0.002"/>
  <testcase name="notShouldLoadStaticImagePNG" classname="com.mycompany.httpserver.WebServerTest" time="0.002"/>
  <testcase name="notShouldLoadStaticFileHtml" classname="com.mycompany.httpserver.WebServerTest" time="0.01"/>
  <testcase name="shouldLoadStaticFileJs" classname="com.mycompany.httpserver.WebServerTest" time="0.003"/>
  <testcase name="shouldLoadStaticImageJPG" classname="com.mycompany.httpserver.WebServerTest" time="0.002"/>
  <testcase name="shouldLoadStaticImagePNG" classname="com.mycompany.httpserver.WebServerTest" time="0.006"/>
  <testcase name="shouldLoadStaticFileHtml" classname="com.mycompany.httpserver.WebServerTest" time="0.003"/>
</testsuite>